<?xml version="1.0" encoding="UTF-8"?>
<testsuite xmlns:xsi="http://www.w3.org/2001/XMLSchema-instance" xsi:noNamespaceSchemaLocation="https://maven.apache.org/surefire/maven-surefire-plugin/xsd/surefire-test-report-3.0.xsd" version="3.0" name="org.example.productcatalogserviceproxy.Controllers.ProductControllerMVCTest" time="20.258" tests="2" errors="0" skipped="0" failures="0">
  <properties>
[...]
</properties>
  <testcase name="Test_getProducts_ReceivesSuccessfulResponse" classname="org.example.productcatalogserviceproxy.Controllers.ProductControllerMVCTest" time="4.592">
    <system-out><![CDATA[2024-03-13T08:06:56.614+05:30  INFO 2444 --- [           main] t.c.s.AnnotationConfigContextLoaderUtils : Could not detect default configuration classes for test class [org.example.productcatalogserviceproxy.Controllers.ProductControllerMVCTest]: ProductControllerMVCTest does not declare any static, non-private, non-final, nested classes annotated with @Configuration.
2024-03-13T08:06:57.079+05:30  INFO 2444 --- [           main] .b.t.c.SpringBootTestContextBootstrapper : Found @SpringBootConfiguration org.example.productcatalogserviceproxy.ProductCatalogServiceProxyApplication for test class org.example.productcatalogserviceproxy.Controllers.ProductControllerMVCTest

  .   ____          _            __ _ _
 /\\ / ___'_ __ _ _(_)_ __  __ _ \ \ \ \
( ( )\___ | '_ | '_| | '_ \/ _` | \ \ \ \
 \\/  ___)| |_)| | | | | || (_| |  ) ) ) )
  '  |____| .__|_| |_|_| |_\__, | / / / /
 =========|_|==============|___/=/_/_/_/
 :: Spring Boot ::                (v3.2.2)

2024-03-13T08:06:58.106+05:30  INFO 2444 --- [           main] o.e.p.C.ProductControllerMVCTest         : Starting ProductControllerMVCTest using Java 17.0.7 with PID 2444 (started by anuragkhanna in /Users/anuragkhanna/Desktop/Naman/IntelliJ/ProductCatalogServiceProxy)
2024-03-13T08:06:58.339+05:30  INFO 2444 --- [           main] o.e.p.C.ProductControllerMVCTest         : No active profile set, falling back to 1 default profile: "default"
2024-03-13T08:07:09.830+05:30  INFO 2444 --- [           main] o.s.b.t.m.w.SpringBootMockServletContext : Initializing Spring TestDispatcherServlet ''
2024-03-13T08:07:09.842+05:30  INFO 2444 --- [           main] o.s.t.web.servlet.TestDispatcherServlet  : Initializing Servlet ''
2024-03-13T08:07:10.231+05:30  INFO 2444 --- [           main] o.s.t.web.servlet.TestDispatcherServlet  : Completed initialization in 246 ms
2024-03-13T08:07:10.523+05:30  INFO 2444 --- [           main] o.e.p.C.ProductControllerMVCTest         : Started ProductControllerMVCTest in 13.128 seconds (process running for 156.767)
]]></system-out>
  </testcase>
  <testcase name="Test_createProduct_ReceivesSuccessfulResponse" classname="org.example.productcatalogserviceproxy.Controllers.ProductControllerMVCTest" time="1.365"/>
</testsuite>